gcm-demo/build/outputs/logs/manifest-merger-debug-report.txt
-- Merging decision tree log ---
manifest
ADDED from AndroidManifest.xml:17:1
	package
		ADDED from AndroidManifest.xml:18:5
		INJECTED from AndroidManifest.xml:0:0
		INJECTED from AndroidManifest.xml:0:0
	android:versionName
		INJECTED from AndroidManifest.xml:0:0
		INJECTED from AndroidManifest.xml:0:0
	xmlns:android
		ADDED from AndroidManifest.xml:17:11
	android:versionCode
		INJECTED from AndroidManifest.xml:0:0
		INJECTED from AndroidManifest.xml:0:0
uses-permission#android.permission.INTERNET
ADDED from AndroidManifest.xml:20:5
	android:name
		ADDED from AndroidManifest.xml:20:22
uses-permission#com.google.android.c2dm.permission.RECEIVE
ADDED from AndroidManifest.xml:21:5
	android:name
		ADDED from AndroidManifest.xml:21:22
uses-permission#android.permission.WAKE_LOCK
ADDED from AndroidManifest.xml:22:5
	android:name
		ADDED from AndroidManifest.xml:22:22
permission#com.google.android.gcm.demo.permission.C2D_MESSAGE
ADDED from AndroidManifest.xml:24:5
	android:protectionLevel
		ADDED from AndroidManifest.xml:26:9
	android:name
		ADDED from AndroidManifest.xml:25:9
uses-permission#com.google.android.gcm.demo.permission.C2D_MESSAGE
ADDED from AndroidManifest.xml:28:5
	android:name
		ADDED from AndroidManifest.xml:29:9
application
ADDED from AndroidManifest.xml:31:5
MERGED from com.google.android.gms:play-services-gcm:7.5.0:19:5
MERGED from com.google.android.gms:play-services-base:7.5.0:20:5
MERGED from com.android.support:support-v4:22.1.1:22:5
MERGED from com.android.support:appcompat-v7:22.1.1:22:5
MERGED from com.android.support:support-v4:22.1.1:22:5
MERGED from com.android.support:cardview-v7:22.1.1:22:5
MERGED from com.android.support:recyclerview-v7:22.1.1:22:5
MERGED from com.android.support:support-v4:22.1.1:22:5
	android:label
		ADDED from AndroidManifest.xml:33:9
	android:icon
		ADDED from AndroidManifest.xml:32:9
	android:theme
		ADDED from AndroidManifest.xml:34:9
activity#com.google.android.gcm.demo.ui.MainActivity
ADDED from AndroidManifest.xml:36:9
	android:windowSoftInputMode
		ADDED from AndroidManifest.xml:38:13
	android:theme
		ADDED from AndroidManifest.xml:39:13
	android:name
		ADDED from AndroidManifest.xml:37:13
intent-filter#android.intent.action.MAIN+android.intent.category.LAUNCHER
ADDED from AndroidManifest.xml:40:13
action#android.intent.action.MAIN
ADDED from AndroidManifest.xml:41:17
	android:name
		ADDED from AndroidManifest.xml:41:25
category#android.intent.category.LAUNCHER
ADDED from AndroidManifest.xml:42:17
	android:name
		ADDED from AndroidManifest.xml:42:27
intent-filter#android.intent.category.DEFAULT+gcm_test_app_notification_click_action
ADDED from AndroidManifest.xml:45:13
action#gcm_test_app_notification_click_action
ADDED from AndroidManifest.xml:46:17
	android:name
		ADDED from AndroidManifest.xml:46:25
category#android.intent.category.DEFAULT
ADDED from AndroidManifest.xml:47:17
	android:name
		ADDED from AndroidManifest.xml:47:27
activity#com.google.android.gcm.demo.ui.GroupActivity
ADDED from AndroidManifest.xml:51:9
	android:parentActivityName
		ADDED from AndroidManifest.xml:54:13
	android:windowSoftInputMode
		ADDED from AndroidManifest.xml:53:13
	android:name
		ADDED from AndroidManifest.xml:52:13
meta-data#android.support.PARENT_ACTIVITY
ADDED from AndroidManifest.xml:56:13
	android:value
		ADDED from AndroidManifest.xml:58:17
	android:name
		ADDED from AndroidManifest.xml:57:17
activity#com.google.android.gcm.demo.ui.addressbook.SelectActivity
ADDED from AndroidManifest.xml:61:9
	android:windowSoftInputMode
		ADDED from AndroidManifest.xml:63:13
	android:theme
		ADDED from AndroidManifest.xml:64:13
	android:name
		ADDED from AndroidManifest.xml:62:13
intent-filter#android.intent.action.PICK+com.google.android.gcm.demo.intent.category.API_KEY+com.google.android.gcm.demo.intent.category.GROUP+com.google.android.gcm.demo.intent.category.SENDER_ID+com.google.android.gcm.demo.intent.category.TOKEN+com.google.android.gcm.demo.intent.category.TOPIC
ADDED from AndroidManifest.xml:65:13
action#android.intent.action.PICK
ADDED from AndroidManifest.xml:66:17
	android:name
		ADDED from AndroidManifest.xml:66:25
category#com.google.android.gcm.demo.intent.category.SENDER_ID
ADDED from AndroidManifest.xml:67:17
	android:name
		ADDED from AndroidManifest.xml:67:27
category#com.google.android.gcm.demo.intent.category.API_KEY
ADDED from AndroidManifest.xml:68:17
	android:name
		ADDED from AndroidManifest.xml:68:27
category#com.google.android.gcm.demo.intent.category.TOKEN
ADDED from AndroidManifest.xml:69:17
	android:name
		ADDED from AndroidManifest.xml:69:27
category#com.google.android.gcm.demo.intent.category.TOPIC
ADDED from AndroidManifest.xml:70:17
	android:name
		ADDED from AndroidManifest.xml:70:27
category#com.google.android.gcm.demo.intent.category.GROUP
ADDED from AndroidManifest.xml:71:17
	android:name
		ADDED from AndroidManifest.xml:71:27
receiver#com.google.android.gms.gcm.GcmReceiver
ADDED from AndroidManifest.xml:75:9
	android:permission
		ADDED from AndroidManifest.xml:77:13
	android:name
		ADDED from AndroidManifest.xml:76:13
intent-filter#com.google.android.c2dm.intent.RECEIVE+com.google.android.c2dm.intent.REGISTRATION+com.google.android.gcm.demo
ADDED from AndroidManifest.xml:78:13
action#com.google.android.c2dm.intent.RECEIVE
ADDED from AndroidManifest.xml:79:17
	android:name
		ADDED from AndroidManifest.xml:79:25
action#com.google.android.c2dm.intent.REGISTRATION
ADDED from AndroidManifest.xml:81:17
	android:name
		ADDED from AndroidManifest.xml:81:25
category#com.google.android.gcm.demo
ADDED from AndroidManifest.xml:82:17
	android:name
		ADDED from AndroidManifest.xml:82:27
service#com.google.android.gcm.demo.service.GcmService
ADDED from AndroidManifest.xml:86:9
	android:exported
		ADDED from AndroidManifest.xml:86:53
	android:name
		ADDED from AndroidManifest.xml:86:18
intent-filter#com.google.android.c2dm.intent.RECEIVE
ADDED from AndroidManifest.xml:87:13
service#com.google.android.gcm.demo.service.LoggingService
ADDED from AndroidManifest.xml:92:9
	android:exported
		ADDED from AndroidManifest.xml:92:57
	android:name
		ADDED from AndroidManifest.xml:92:18
service#com.google.android.gcm.demo.service.TaskSchedulerService
ADDED from AndroidManifest.xml:94:9
	android:exported
		ADDED from AndroidManifest.xml:97:13
	android:permission
		ADDED from AndroidManifest.xml:96:13
	android:name
		ADDED from AndroidManifest.xml:95:13
intent-filter#com.google.android.gcm.demo+com.google.android.gms.gcm.ACTION_TASK_READY
ADDED from AndroidManifest.xml:98:13
action#com.google.android.gms.gcm.ACTION_TASK_READY
ADDED from AndroidManifest.xml:99:17
	android:name
		ADDED from AndroidManifest.xml:99:25
uses-sdk
INJECTED from AndroidManifest.xml:0:0 reason: use-sdk injection requested
MERGED from com.google.android.gms:play-services-gcm:7.5.0:18:5
MERGED from com.google.android.gms:play-services-base:7.5.0:18:5
MERGED from com.android.support:support-v4:22.1.1:20:5
MERGED from com.android.support:appcompat-v7:22.1.1:20:5
MERGED from com.android.support:support-v4:22.1.1:20:5
MERGED from com.android.support:cardview-v7:22.1.1:20:5
MERGED from com.android.support:recyclerview-v7:22.1.1:20:5
MERGED from com.android.support:support-v4:22.1.1:20:5
	android:targetSdkVersion
		INJECTED from AndroidManifest.xml:0:0
		INJECTED from AndroidManifest.xml:0:0
	android:minSdkVersion
		INJECTED from AndroidManifest.xml:0:0
		INJECTED from AndroidManifest.xml:0:0
meta-data#com.google.android.gms.version
ADDED from com.google.android.gms:play-services-base:7.5.0:21:9
	android:value
		ADDED from com.google.android.gms:play-services-base:7.5.0:23:13
	android:name
		ADDED from com.google.android.gms:play-services-base:7.5.0:22:13
activity#android.support.v7.widget.TestActivity
ADDED from com.android.support:recyclerview-v7:22.1.1:23:9
	android:label
		ADDED from com.android.support:recyclerview-v7:22.1.1:25:13
	android:name
		ADDED from com.android.support:recyclerview-v7:22.1.1:24:13